# JRE version: Java(TM) SE Runtime Environment (21.0.7+8) (build 21.0.7+8-LTS-245)
# Java VM: Java HotSpot(TM) 64-Bit Server VM (21.0.7+8-LTS-245, mixed mode, sharing, tiered, compressed oops, compressed class ptrs, g1 gc, windows-amd64)
GC Precious Log:
 CardTable entry size: 512
 Card Set container configuration: InlinePtr #cards 5 size 8 Array Of Cards #cards 12 size 40 Howl #buckets 4 coarsen threshold 1843 Howl Bitmap #cards 512 size 80 coarsen threshold 460 Card regions per heap region 1 cards per card region 2048
 CPUs: 8 total, 8 available
 Memory: 7834M
 Large Page Support: Disabled
 NUMA Support: Disabled
 Compressed Oops: Enabled (32-bit)
 Heap Region Size: 1M
 Heap Min Capacity: 8M
 Heap Initial Capacity: 124M
 Heap Max Capacity: 1960M
 Pre-touch: Disabled
 Parallel Workers: 8
 Concurrent Workers: 2
 Concurrent Refinement Workers: 8
 Periodic GC: Disabled
Heap:
 garbage-first heap   total 126976K, used 30905K [0x0000000085800000, 0x0000000100000000)
  region size 1024K, 9 young (9216K), 9 survivors (9216K)
 Metaspace       used 21182K, committed 21504K, reserved 1114112K
  class space    used 2400K, committed 2560K, reserved 1048576K
GC Heap History (17 events):
Event: 1.094 GC heap before
{Heap before GC invocations=0 (full 0):
 garbage-first heap   total 126976K, used 22528K [0x0000000085800000, 0x0000000100000000)
  region size 1024K, 23 young (23552K), 0 survivors (0K)
 Metaspace       used 5590K, committed 5760K, reserved 1114112K
  class space    used 646K, committed 768K, reserved 1048576K
}
Event: 1.102 GC heap after
{Heap after GC invocations=1 (full 0):
 garbage-first heap   total 126976K, used 3648K [0x0000000085800000, 0x0000000100000000)
  region size 1024K, 3 young (3072K), 3 survivors (3072K)
 Metaspace       used 5590K, committed 5760K, reserved 1114112K
  class space    used 646K, committed 768K, reserved 1048576K
}
Event: 2.225 GC heap before
{Heap before GC invocations=1 (full 0):
 garbage-first heap   total 126976K, used 35392K [0x0000000085800000, 0x0000000100000000)
  region size 1024K, 34 young (34816K), 3 survivors (3072K)
 Metaspace       used 8483K, committed 8704K, reserved 1114112K
  class space    used 985K, committed 1088K, reserved 1048576K
}
Event: 2.233 GC heap after
{Heap after GC invocations=2 (full 0):
 garbage-first heap   total 126976K, used 5184K [0x0000000085800000, 0x0000000100000000)
  region size 1024K, 2 young (2048K), 2 survivors (2048K)
 Metaspace       used 8483K, committed 8704K, reserved 1114112K
  class space    used 985K, committed 1088K, reserved 1048576K
}
Event: 4.461 GC heap before
{Heap before GC invocations=2 (full 0):
 garbage-first heap   total 126976K, used 78912K [0x0000000085800000, 0x0000000100000000)
  region size 1024K, 74 young (75776K), 2 survivors (2048K)
 Metaspace       used 15574K, committed 15808K, reserved 1114112K
  class space    used 1821K, committed 1920K, reserved 1048576K
}
Event: 4.477 GC heap after
{Heap after GC invocations=3 (full 0):
 garbage-first heap   total 126976K, used 13350K [0x0000000085800000, 0x0000000100000000)
  region size 1024K, 10 young (10240K), 10 survivors (10240K)
 Metaspace       used 15574K, committed 15808K, reserved 1114112K
  class space    used 1821K, committed 1920K, reserved 1048576K
}
Event: 5.437 GC heap before
{Heap before GC invocations=3 (full 0):
 garbage-first heap   total 126976K, used 78886K [0x0000000085800000, 0x0000000100000000)
  region size 1024K, 74 young (75776K), 10 survivors (10240K)
 Metaspace       used 16190K, committed 16448K, reserved 1114112K
  class space    used 1829K, committed 1920K, reserved 1048576K
}
Event: 5.456 GC heap after
{Heap after GC invocations=4 (full 0):
 garbage-first heap   total 126976K, used 16686K [0x0000000085800000, 0x0000000100000000)
  region size 1024K, 4 young (4096K), 4 survivors (4096K)
 Metaspace       used 16190K, committed 16448K, reserved 1114112K
  class space    used 1829K, committed 1920K, reserved 1048576K
}
Event: 6.538 GC heap before
{Heap before GC invocations=4 (full 0):
 garbage-first heap   total 126976K, used 88366K [0x0000000085800000, 0x0000000100000000)
  region size 1024K, 74 young (75776K), 4 survivors (4096K)
 Metaspace       used 16659K, committed 16960K, reserved 1114112K
  class space    used 1845K, committed 1984K, reserved 1048576K
}
Event: 6.545 GC heap after
{Heap after GC invocations=5 (full 0):
 garbage-first heap   total 126976K, used 18609K [0x0000000085800000, 0x0000000100000000)
  region size 1024K, 6 young (6144K), 6 survivors (6144K)
 Metaspace       used 16659K, committed 16960K, reserved 1114112K
  class space    used 1845K, committed 1984K, reserved 1048576K
}
Event: 6.757 GC heap before
{Heap before GC invocations=5 (full 0):
 garbage-first heap   total 126976K, used 66737K [0x0000000085800000, 0x0000000100000000)
  region size 1024K, 14 young (14336K), 6 survivors (6144K)
 Metaspace       used 17637K, committed 17856K, reserved 1114112K
  class space    used 1962K, committed 2048K, reserved 1048576K
}
Event: 6.764 GC heap after
{Heap after GC invocations=6 (full 0):
 garbage-first heap   total 126976K, used 27803K [0x0000000085800000, 0x0000000100000000)
  region size 1024K, 4 young (4096K), 4 survivors (4096K)
 Metaspace       used 17637K, committed 17856K, reserved 1114112K
  class space    used 1962K, committed 2048K, reserved 1048576K
}
Event: 6.771 GC heap before
{Heap before GC invocations=6 (full 0):
 garbage-first heap   total 126976K, used 60571K [0x0000000085800000, 0x0000000100000000)
  region size 1024K, 5 young (5120K), 4 survivors (4096K)
 Metaspace       used 17639K, committed 17856K, reserved 1114112K
  class space    used 1962K, committed 2048K, reserved 1048576K
}
Event: 6.775 GC heap after
{Heap after GC invocations=7 (full 0):
 garbage-first heap   total 126976K, used 27670K [0x0000000085800000, 0x0000000100000000)
  region size 1024K, 4 young (4096K), 4 survivors (4096K)
 Metaspace       used 17639K, committed 17856K, reserved 1114112K
  class space    used 1962K, committed 2048K, reserved 1048576K
}
Event: 6.780 GC heap before
{Heap before GC invocations=7 (full 0):
 garbage-first heap   total 126976K, used 60438K [0x0000000085800000, 0x0000000100000000)
  region size 1024K, 5 young (5120K), 4 survivors (4096K)
 Metaspace       used 17639K, committed 17856K, reserved 1114112K
  class space    used 1962K, committed 2048K, reserved 1048576K
}
Event: 6.785 GC heap after
{Heap after GC invocations=8 (full 0):
 garbage-first heap   total 126976K, used 27637K [0x0000000085800000, 0x0000000100000000)
  region size 1024K, 4 young (4096K), 4 survivors (4096K)
 Metaspace       used 17639K, committed 17856K, reserved 1114112K
  class space    used 1962K, committed 2048K, reserved 1048576K
}
Event: 8.436 GC heap before
{Heap before GC invocations=8 (full 0):
 garbage-first heap   total 126976K, used 102389K [0x0000000085800000, 0x0000000100000000)
  region size 1024K, 47 young (48128K), 4 survivors (4096K)
 Metaspace       used 21182K, committed 21504K, reserved 1114112K
  class space    used 2400K, committed 2560K, reserved 1048576K
}

