# JRE version: Java(TM) SE Runtime Environment (21.0.7+8) (build 21.0.7+8-LTS-245)
# Java VM: Java HotSpot(TM) 64-Bit Server VM (21.0.7+8-LTS-245, mixed mode, emulated-client, sharing, tiered, compressed oops, compressed class ptrs, g1 gc, windows-amd64)
GC Precious Log:
 CardTable entry size: 512
 Card Set container configuration: InlinePtr #cards 5 size 8 Array Of Cards #cards 12 size 40 Howl #buckets 4 coarsen threshold 1843 Howl Bitmap #cards 512 size 80 coarsen threshold 460 Card regions per heap region 1 cards per card region 2048
 CPUs: 8 total, 8 available
 Memory: 7834M
 Large Page Support: Disabled
 NUMA Support: Disabled
 Compressed Oops: Enabled (32-bit)
 Heap Region Size: 1M
 Heap Min Capacity: 8M
 Heap Initial Capacity: 124M
 Heap Max Capacity: 1960M
 Pre-touch: Disabled
 Parallel Workers: 8
 Concurrent Workers: 2
 Concurrent Refinement Workers: 8
 Periodic GC: Disabled
Heap:
 garbage-first heap   total 225280K, used 108604K [0x0000000085800000, 0x0000000100000000)
  region size 1024K, 45 young (46080K), 12 survivors (12288K)
 Metaspace       used 143030K, committed 144320K, reserved 1179648K
  class space    used 19808K, committed 20480K, reserved 1048576K
GC Heap History (20 events):
Event: 2543.436 GC heap before
{Heap before GC invocations=64 (full 1):
 garbage-first heap   total 215040K, used 189038K [0x0000000085800000, 0x0000000100000000)
  region size 1024K, 123 young (125952K), 10 survivors (10240K)
 Metaspace       used 138510K, committed 139648K, reserved 1179648K
  class space    used 19420K, committed 19904K, reserved 1048576K
}
Event: 2543.452 GC heap after
{Heap after GC invocations=65 (full 1):
 garbage-first heap   total 215040K, used 78705K [0x0000000085800000, 0x0000000100000000)
  region size 1024K, 7 young (7168K), 7 survivors (7168K)
 Metaspace       used 138510K, committed 139648K, reserved 1179648K
  class space    used 19420K, committed 19904K, reserved 1048576K
}
Event: 2543.460 GC heap before
{Heap before GC invocations=65 (full 1):
 garbage-first heap   total 215040K, used 78705K [0x0000000085800000, 0x0000000100000000)
  region size 1024K, 8 young (8192K), 7 survivors (7168K)
 Metaspace       used 138522K, committed 139648K, reserved 1179648K
  class space    used 19422K, committed 19904K, reserved 1048576K
}
Event: 2543.465 GC heap after
{Heap after GC invocations=66 (full 1):
 garbage-first heap   total 215040K, used 78795K [0x0000000085800000, 0x0000000100000000)
  region size 1024K, 7 young (7168K), 7 survivors (7168K)
 Metaspace       used 138522K, committed 139648K, reserved 1179648K
  class space    used 19422K, committed 19904K, reserved 1048576K
}
Event: 2546.079 GC heap before
{Heap before GC invocations=67 (full 1):
 garbage-first heap   total 215040K, used 193483K [0x0000000085800000, 0x0000000100000000)
  region size 1024K, 119 young (121856K), 7 survivors (7168K)
 Metaspace       used 139431K, committed 140544K, reserved 1179648K
  class space    used 19497K, committed 19968K, reserved 1048576K
}
Event: 2546.087 GC heap after
{Heap after GC invocations=68 (full 1):
 garbage-first heap   total 215040K, used 84161K [0x0000000085800000, 0x0000000100000000)
  region size 1024K, 12 young (12288K), 12 survivors (12288K)
 Metaspace       used 139431K, committed 140544K, reserved 1179648K
  class space    used 19497K, committed 19968K, reserved 1048576K
}
Event: 2547.225 GC heap before
{Heap before GC invocations=68 (full 1):
 garbage-first heap   total 215040K, used 188609K [0x0000000085800000, 0x0000000100000000)
  region size 1024K, 114 young (116736K), 12 survivors (12288K)
 Metaspace       used 141348K, committed 142592K, reserved 1179648K
  class space    used 19679K, committed 20224K, reserved 1048576K
}
Event: 2547.237 GC heap after
{Heap after GC invocations=69 (full 1):
 garbage-first heap   total 258048K, used 88471K [0x0000000085800000, 0x0000000100000000)
  region size 1024K, 11 young (11264K), 11 survivors (11264K)
 Metaspace       used 141348K, committed 142592K, reserved 1179648K
  class space    used 19679K, committed 20224K, reserved 1048576K
}
Event: 2552.330 GC heap before
{Heap before GC invocations=69 (full 1):
 garbage-first heap   total 258048K, used 229783K [0x0000000085800000, 0x0000000100000000)
  region size 1024K, 149 young (152576K), 11 survivors (11264K)
 Metaspace       used 142181K, committed 143680K, reserved 1179648K
  class space    used 19804K, committed 20480K, reserved 1048576K
}
Event: 2552.341 GC heap after
{Heap after GC invocations=70 (full 1):
 garbage-first heap   total 258048K, used 92317K [0x0000000085800000, 0x0000000100000000)
  region size 1024K, 15 young (15360K), 15 survivors (15360K)
 Metaspace       used 142181K, committed 143680K, reserved 1179648K
  class space    used 19804K, committed 20480K, reserved 1048576K
}
Event: 2643.033 GC heap before
{Heap before GC invocations=71 (full 1):
 garbage-first heap   total 258048K, used 225437K [0x0000000085800000, 0x0000000100000000)
  region size 1024K, 145 young (148480K), 15 survivors (15360K)
 Metaspace       used 141877K, committed 143680K, reserved 1179648K
  class space    used 19732K, committed 20480K, reserved 1048576K
}
Event: 2643.041 GC heap after
{Heap after GC invocations=72 (full 1):
 garbage-first heap   total 258048K, used 91962K [0x0000000085800000, 0x0000000100000000)
  region size 1024K, 9 young (9216K), 9 survivors (9216K)
 Metaspace       used 141877K, committed 143680K, reserved 1179648K
  class space    used 19732K, committed 20480K, reserved 1048576K
}
Event: 2716.162 GC heap before
{Heap before GC invocations=72 (full 1):
 garbage-first heap   total 258048K, used 215866K [0x0000000085800000, 0x0000000100000000)
  region size 1024K, 132 young (135168K), 9 survivors (9216K)
 Metaspace       used 142267K, committed 143744K, reserved 1179648K
  class space    used 19783K, committed 20480K, reserved 1048576K
}
Event: 2716.168 GC heap after
{Heap after GC invocations=73 (full 1):
 garbage-first heap   total 258048K, used 95714K [0x0000000085800000, 0x0000000100000000)
  region size 1024K, 13 young (13312K), 13 survivors (13312K)
 Metaspace       used 142267K, committed 143744K, reserved 1179648K
  class space    used 19783K, committed 20480K, reserved 1048576K
}
Event: 2824.827 GC heap before
{Heap before GC invocations=74 (full 1):
 garbage-first heap   total 258048K, used 227810K [0x0000000085800000, 0x0000000100000000)
  region size 1024K, 142 young (145408K), 13 survivors (13312K)
 Metaspace       used 142113K, committed 143744K, reserved 1179648K
  class space    used 19744K, committed 20480K, reserved 1048576K
}
Event: 2825.024 GC heap after
{Heap after GC invocations=75 (full 1):
 garbage-first heap   total 258048K, used 93016K [0x0000000085800000, 0x0000000100000000)
  region size 1024K, 7 young (7168K), 7 survivors (7168K)
 Metaspace       used 142113K, committed 143744K, reserved 1179648K
  class space    used 19744K, committed 20480K, reserved 1048576K
}
Event: 2857.059 GC heap before
{Heap before GC invocations=75 (full 1):
 garbage-first heap   total 258048K, used 144216K [0x0000000085800000, 0x0000000100000000)
  region size 1024K, 58 young (59392K), 7 survivors (7168K)
 Metaspace       used 142118K, committed 143744K, reserved 1179648K
  class space    used 19745K, committed 20480K, reserved 1048576K
}
Event: 2857.545 GC heap after
{Heap after GC invocations=76 (full 2):
 garbage-first heap   total 225280K, used 63548K [0x0000000085800000, 0x0000000100000000)
  region size 1024K, 0 young (0K), 0 survivors (0K)
 Metaspace       used 141492K, committed 143744K, reserved 1179648K
  class space    used 19607K, committed 20480K, reserved 1048576K
}
Event: 2860.483 GC heap before
{Heap before GC invocations=76 (full 2):
 garbage-first heap   total 225280K, used 197692K [0x0000000085800000, 0x0000000100000000)
  region size 1024K, 132 young (135168K), 0 survivors (0K)
 Metaspace       used 142955K, committed 144256K, reserved 1179648K
  class space    used 19789K, committed 20480K, reserved 1048576K
}
Event: 2860.496 GC heap after
{Heap after GC invocations=77 (full 2):
 garbage-first heap   total 225280K, used 75836K [0x0000000085800000, 0x0000000100000000)
  region size 1024K, 12 young (12288K), 12 survivors (12288K)
 Metaspace       used 142955K, committed 144256K, reserved 1179648K
  class space    used 19789K, committed 20480K, reserved 1048576K
}

